<?xml version="1.0" encoding="UTF-8"?>
<testsuite xmlns:xsi="http://www.w3.org/2001/XMLSchema-instance" xsi:noNamespaceSchemaLocation="https://maven.apache.org/surefire/maven-surefire-plugin/xsd/surefire-test-report.xsd" name="pl.umcs.AppTest" time="0.028" tests="1" errors="0" skipped="0" failures="0">
  <properties>
    <property name="sun.desktop" value="windows"/>
    <property name="awt.toolkit" value="sun.awt.windows.WToolkit"/>
    <property name="file.encoding.pkg" value="sun.io"/>
    <property name="java.specification.version" value="1.8"/>
    <property name="sun.cpu.isalist" value="amd64"/>
    <property name="sun.jnu.encoding" value="Cp1250"/>
    <property name="java.class.path" value="C:\Users\Pawel\Desktop\Integracja\Maven\users\EurekaClient\target\test-classes;C:\Users\Pawel\Desktop\Integracja\Maven\users\EurekaClient\target\classes;C:\Users\Pawel\.m2\repository\junit\junit\4.11\junit-4.11.jar;C:\Users\Pawel\.m2\repository\org\hamcrest\hamcrest-core\1.3\hamcrest-core-1.3.jar;C:\Users\Pawel\.m2\repository\org\springframework\cloud\spring-cloud-starter-netflix-eureka-client\2.0.2.RELEASE\spring-cloud-starter-netflix-eureka-client-2.0.2.RELEASE.jar;C:\Users\Pawel\.m2\repository\org\springframework\cloud\spring-cloud-starter\2.0.2.RELEASE\spring-cloud-starter-2.0.2.RELEASE.jar;C:\Users\Pawel\.m2\repository\org\springframework\cloud\spring-cloud-context\2.0.2.RELEASE\spring-cloud-context-2.0.2.RELEASE.jar;C:\Users\Pawel\.m2\repository\org\springframework\security\spring-security-crypto\5.0.6.RELEASE\spring-security-crypto-5.0.6.RELEASE.jar;C:\Users\Pawel\.m2\repository\org\springframework\cloud\spring-cloud-commons\2.0.2.RELEASE\spring-cloud-commons-2.0.2.RELEASE.jar;C:\Users\Pawel\.m2\repository\org\springframework\security\spring-security-rsa\1.0.7.RELEASE\spring-security-rsa-1.0.7.RELEASE.jar;C:\Users\Pawel\.m2\repository\org\bouncycastle\bcpkix-jdk15on\1.60\bcpkix-jdk15on-1.60.jar;C:\Users\Pawel\.m2\repository\org\bouncycastle\bcprov-jdk15on\1.60\bcprov-jdk15on-1.60.jar;C:\Users\Pawel\.m2\repository\org\springframework\cloud\spring-cloud-netflix-core\2.0.2.RELEASE\spring-cloud-netflix-core-2.0.2.RELEASE.jar;C:\Users\Pawel\.m2\repository\org\springframework\boot\spring-boot-autoconfigure\2.0.3.RELEASE\spring-boot-autoconfigure-2.0.3.RELEASE.jar;C:\Users\Pawel\.m2\repository\org\springframework\cloud\spring-cloud-netflix-eureka-client\2.0.2.RELEASE\spring-cloud-netflix-eureka-client-2.0.2.RELEASE.jar;C:\Users\Pawel\.m2\repository\com\netflix\eureka\eureka-core\1.9.3\eureka-core-1.9.3.jar;C:\Users\Pawel\.m2\repository\org\codehaus\woodstox\woodstox-core-asl\4.4.1\woodstox-core-asl-4.4.1.jar;C:\Users\Pawel\.m2\repository\javax\xml\stream\stax-api\1.0-2\stax-api-1.0-2.jar;C:\Users\Pawel\.m2\repository\org\codehaus\woodstox\stax2-api\3.1.4\stax2-api-3.1.4.jar;C:\Users\Pawel\.m2\repository\org\springframework\cloud\spring-cloud-starter-netflix-archaius\2.0.2.RELEASE\spring-cloud-starter-netflix-archaius-2.0.2.RELEASE.jar;C:\Users\Pawel\.m2\repository\org\springframework\cloud\spring-cloud-netflix-ribbon\2.0.2.RELEASE\spring-cloud-netflix-ribbon-2.0.2.RELEASE.jar;C:\Users\Pawel\.m2\repository\org\springframework\cloud\spring-cloud-netflix-archaius\2.0.2.RELEASE\spring-cloud-netflix-archaius-2.0.2.RELEASE.jar;C:\Users\Pawel\.m2\repository\commons-configuration\commons-configuration\1.8\commons-configuration-1.8.jar;C:\Users\Pawel\.m2\repository\commons-lang\commons-lang\2.6\commons-lang-2.6.jar;C:\Users\Pawel\.m2\repository\org\springframework\cloud\spring-cloud-starter-netflix-ribbon\2.0.2.RELEASE\spring-cloud-starter-netflix-ribbon-2.0.2.RELEASE.jar;C:\Users\Pawel\.m2\repository\com\netflix\ribbon\ribbon\2.2.5\ribbon-2.2.5.jar;C:\Users\Pawel\.m2\repository\com\netflix\ribbon\ribbon-transport\2.2.5\ribbon-transport-2.2.5.jar;C:\Users\Pawel\.m2\repository\io\reactivex\rxnetty-contexts\0.4.9\rxnetty-contexts-0.4.9.jar;C:\Users\Pawel\.m2\repository\io\reactivex\rxnetty-servo\0.4.9\rxnetty-servo-0.4.9.jar;C:\Users\Pawel\.m2\repository\com\netflix\hystrix\hystrix-core\1.4.3\hystrix-core-1.4.3.jar;C:\Users\Pawel\.m2\repository\io\reactivex\rxnetty\0.4.9\rxnetty-0.4.9.jar;C:\Users\Pawel\.m2\repository\com\netflix\ribbon\ribbon-core\2.2.5\ribbon-core-2.2.5.jar;C:\Users\Pawel\.m2\repository\com\netflix\ribbon\ribbon-httpclient\2.2.5\ribbon-httpclient-2.2.5.jar;C:\Users\Pawel\.m2\repository\commons-collections\commons-collections\3.2.2\commons-collections-3.2.2.jar;C:\Users\Pawel\.m2\repository\com\netflix\netflix-commons\netflix-commons-util\0.1.1\netflix-commons-util-0.1.1.jar;C:\Users\Pawel\.m2\repository\com\netflix\ribbon\ribbon-loadbalancer\2.2.5\ribbon-loadbalancer-2.2.5.jar;C:\Users\Pawel\.m2\repository\com\netflix\netflix-commons\netflix-statistics\0.1.1\netflix-statistics-0.1.1.jar;C:\Users\Pawel\.m2\repository\io\reactivex\rxjava\1.3.8\rxjava-1.3.8.jar;C:\Users\Pawel\.m2\repository\com\netflix\ribbon\ribbon-eureka\2.2.5\ribbon-eureka-2.2.5.jar;C:\Users\Pawel\.m2\repository\org\slf4j\slf4j-api\1.7.25\slf4j-api-1.7.25.jar;C:\Users\Pawel\.m2\repository\com\thoughtworks\xstream\xstream\1.4.10\xstream-1.4.10.jar;C:\Users\Pawel\.m2\repository\xmlpull\xmlpull\1.1.3.1\xmlpull-1.1.3.1.jar;C:\Users\Pawel\.m2\repository\xpp3\xpp3_min\1.1.4c\xpp3_min-1.1.4c.jar;C:\Users\Pawel\.m2\repository\org\springframework\boot\spring-boot-starter-web\2.0.5.RELEASE\spring-boot-starter-web-2.0.5.RELEASE.jar;C:\Users\Pawel\.m2\repository\org\springframework\boot\spring-boot-starter\2.0.3.RELEASE\spring-boot-starter-2.0.3.RELEASE.jar;C:\Users\Pawel\.m2\repository\org\springframework\boot\spring-boot\2.0.3.RELEASE\spring-boot-2.0.3.RELEASE.jar;C:\Users\Pawel\.m2\repository\org\springframework\boot\spring-boot-starter-logging\2.0.3.RELEASE\spring-boot-starter-logging-2.0.3.RELEASE.jar;C:\Users\Pawel\.m2\repository\ch\qos\logback\logback-classic\1.2.3\logback-classic-1.2.3.jar;C:\Users\Pawel\.m2\repository\ch\qos\logback\logback-core\1.2.3\logback-core-1.2.3.jar;C:\Users\Pawel\.m2\repository\org\apache\logging\log4j\log4j-to-slf4j\2.10.0\log4j-to-slf4j-2.10.0.jar;C:\Users\Pawel\.m2\repository\org\apache\logging\log4j\log4j-api\2.10.0\log4j-api-2.10.0.jar;C:\Users\Pawel\.m2\repository\org\slf4j\jul-to-slf4j\1.7.25\jul-to-slf4j-1.7.25.jar;C:\Users\Pawel\.m2\repository\javax\annotation\javax.annotation-api\1.3.2\javax.annotation-api-1.3.2.jar;C:\Users\Pawel\.m2\repository\org\springframework\spring-core\5.0.7.RELEASE\spring-core-5.0.7.RELEASE.jar;C:\Users\Pawel\.m2\repository\org\springframework\spring-jcl\5.0.7.RELEASE\spring-jcl-5.0.7.RELEASE.jar;C:\Users\Pawel\.m2\repository\org\yaml\snakeyaml\1.19\snakeyaml-1.19.jar;C:\Users\Pawel\.m2\repository\org\springframework\boot\spring-boot-starter-json\2.0.3.RELEASE\spring-boot-starter-json-2.0.3.RELEASE.jar;C:\Users\Pawel\.m2\repository\com\fasterxml\jackson\datatype\jackson-datatype-jdk8\2.9.6\jackson-datatype-jdk8-2.9.6.jar;C:\Users\Pawel\.m2\repository\com\fasterxml\jackson\datatype\jackson-datatype-jsr310\2.9.6\jackson-datatype-jsr310-2.9.6.jar;C:\Users\Pawel\.m2\repository\com\fasterxml\jackson\module\jackson-module-parameter-names\2.9.6\jackson-module-parameter-names-2.9.6.jar;C:\Users\Pawel\.m2\repository\org\springframework\boot\spring-boot-starter-tomcat\2.0.3.RELEASE\spring-boot-starter-tomcat-2.0.3.RELEASE.jar;C:\Users\Pawel\.m2\repository\org\apache\tomcat\embed\tomcat-embed-core\8.5.31\tomcat-embed-core-8.5.31.jar;C:\Users\Pawel\.m2\repository\org\apache\tomcat\embed\tomcat-embed-el\8.5.31\tomcat-embed-el-8.5.31.jar;C:\Users\Pawel\.m2\repository\org\apache\tomcat\embed\tomcat-embed-websocket\8.5.31\tomcat-embed-websocket-8.5.31.jar;C:\Users\Pawel\.m2\repository\org\hibernate\validator\hibernate-validator\6.0.10.Final\hibernate-validator-6.0.10.Final.jar;C:\Users\Pawel\.m2\repository\javax\validation\validation-api\2.0.1.Final\validation-api-2.0.1.Final.jar;C:\Users\Pawel\.m2\repository\org\jboss\logging\jboss-logging\3.3.2.Final\jboss-logging-3.3.2.Final.jar;C:\Users\Pawel\.m2\repository\com\fasterxml\classmate\1.3.4\classmate-1.3.4.jar;C:\Users\Pawel\.m2\repository\org\springframework\spring-web\5.0.7.RELEASE\spring-web-5.0.7.RELEASE.jar;C:\Users\Pawel\.m2\repository\org\springframework\spring-beans\5.0.7.RELEASE\spring-beans-5.0.7.RELEASE.jar;C:\Users\Pawel\.m2\repository\org\springframework\spring-webmvc\5.0.7.RELEASE\spring-webmvc-5.0.7.RELEASE.jar;C:\Users\Pawel\.m2\repository\org\springframework\spring-aop\5.0.7.RELEASE\spring-aop-5.0.7.RELEASE.jar;C:\Users\Pawel\.m2\repository\org\springframework\spring-context\5.0.7.RELEASE\spring-context-5.0.7.RELEASE.jar;C:\Users\Pawel\.m2\repository\org\springframework\spring-expression\5.0.7.RELEASE\spring-expression-5.0.7.RELEASE.jar;C:\Users\Pawel\.m2\repository\org\springframework\boot\spring-boot-starter-jdbc\2.0.3.RELEASE\spring-boot-starter-jdbc-2.0.3.RELEASE.jar;C:\Users\Pawel\.m2\repository\com\zaxxer\HikariCP\2.7.9\HikariCP-2.7.9.jar;C:\Users\Pawel\.m2\repository\org\springframework\spring-jdbc\5.0.7.RELEASE\spring-jdbc-5.0.7.RELEASE.jar;C:\Users\Pawel\.m2\repository\org\springframework\spring-tx\5.0.7.RELEASE\spring-tx-5.0.7.RELEASE.jar;C:\Users\Pawel\.m2\repository\com\netflix\eureka\eureka-client\1.9.8\eureka-client-1.9.8.jar;C:\Users\Pawel\.m2\repository\org\codehaus\jettison\jettison\1.3.7\jettison-1.3.7.jar;C:\Users\Pawel\.m2\repository\stax\stax-api\1.0.1\stax-api-1.0.1.jar;C:\Users\Pawel\.m2\repository\com\netflix\netflix-commons\netflix-eventbus\0.3.0\netflix-eventbus-0.3.0.jar;C:\Users\Pawel\.m2\repository\com\netflix\netflix-commons\netflix-infix\0.3.0\netflix-infix-0.3.0.jar;C:\Users\Pawel\.m2\repository\commons-jxpath\commons-jxpath\1.3\commons-jxpath-1.3.jar;C:\Users\Pawel\.m2\repository\joda-time\joda-time\2.9.9\joda-time-2.9.9.jar;C:\Users\Pawel\.m2\repository\javax\servlet\servlet-api\2.5\servlet-api-2.5.jar;C:\Users\Pawel\.m2\repository\org\antlr\antlr-runtime\3.4\antlr-runtime-3.4.jar;C:\Users\Pawel\.m2\repository\org\antlr\stringtemplate\3.2.1\stringtemplate-3.2.1.jar;C:\Users\Pawel\.m2\repository\com\google\code\gson\gson\2.8.5\gson-2.8.5.jar;C:\Users\Pawel\.m2\repository\org\apache\commons\commons-math\2.2\commons-math-2.2.jar;C:\Users\Pawel\.m2\repository\com\netflix\archaius\archaius-core\0.7.6\archaius-core-0.7.6.jar;C:\Users\Pawel\.m2\repository\com\google\code\findbugs\jsr305\3.0.1\jsr305-3.0.1.jar;C:\Users\Pawel\.m2\repository\javax\ws\rs\jsr311-api\1.1.1\jsr311-api-1.1.1.jar;C:\Users\Pawel\.m2\repository\com\netflix\servo\servo-core\0.12.21\servo-core-0.12.21.jar;C:\Users\Pawel\.m2\repository\com\sun\jersey\jersey-core\1.19.1\jersey-core-1.19.1.jar;C:\Users\Pawel\.m2\repository\com\sun\jersey\jersey-client\1.19.1\jersey-client-1.19.1.jar;C:\Users\Pawel\.m2\repository\com\sun\jersey\contribs\jersey-apache-client4\1.19.1\jersey-apache-client4-1.19.1.jar;C:\Users\Pawel\.m2\repository\org\apache\httpcomponents\httpclient\4.5.5\httpclient-4.5.5.jar;C:\Users\Pawel\.m2\repository\org\apache\httpcomponents\httpcore\4.4.9\httpcore-4.4.9.jar;C:\Users\Pawel\.m2\repository\commons-codec\commons-codec\1.11\commons-codec-1.11.jar;C:\Users\Pawel\.m2\repository\com\google\inject\guice\4.1.0\guice-4.1.0.jar;C:\Users\Pawel\.m2\repository\javax\inject\javax.inject\1\javax.inject-1.jar;C:\Users\Pawel\.m2\repository\aopalliance\aopalliance\1.0\aopalliance-1.0.jar;C:\Users\Pawel\.m2\repository\com\github\vlsi\compactmap\compactmap\1.2.1\compactmap-1.2.1.jar;C:\Users\Pawel\.m2\repository\com\github\andrewoma\dexx\dexx-collections\0.2\dexx-collections-0.2.jar;C:\Users\Pawel\.m2\repository\com\fasterxml\jackson\core\jackson-annotations\2.9.0\jackson-annotations-2.9.0.jar;C:\Users\Pawel\.m2\repository\com\fasterxml\jackson\core\jackson-core\2.9.6\jackson-core-2.9.6.jar;C:\Users\Pawel\.m2\repository\org\springframework\boot\spring-boot-starter-activemq\2.0.3.RELEASE\spring-boot-starter-activemq-2.0.3.RELEASE.jar;C:\Users\Pawel\.m2\repository\org\springframework\spring-jms\5.0.7.RELEASE\spring-jms-5.0.7.RELEASE.jar;C:\Users\Pawel\.m2\repository\org\springframework\spring-messaging\5.0.7.RELEASE\spring-messaging-5.0.7.RELEASE.jar;C:\Users\Pawel\.m2\repository\javax\jms\javax.jms-api\2.0.1\javax.jms-api-2.0.1.jar;C:\Users\Pawel\.m2\repository\org\apache\activemq\activemq-broker\5.15.4\activemq-broker-5.15.4.jar;C:\Users\Pawel\.m2\repository\org\apache\activemq\activemq-client\5.15.4\activemq-client-5.15.4.jar;C:\Users\Pawel\.m2\repository\org\apache\geronimo\specs\geronimo-jms_1.1_spec\1.1.1\geronimo-jms_1.1_spec-1.1.1.jar;C:\Users\Pawel\.m2\repository\org\fusesource\hawtbuf\hawtbuf\1.11\hawtbuf-1.11.jar;C:\Users\Pawel\.m2\repository\org\apache\geronimo\specs\geronimo-j2ee-management_1.1_spec\1.0.1\geronimo-j2ee-management_1.1_spec-1.0.1.jar;C:\Users\Pawel\.m2\repository\org\apache\activemq\activemq-openwire-legacy\5.15.4\activemq-openwire-legacy-5.15.4.jar;C:\Users\Pawel\.m2\repository\com\google\guava\guava\18.0\guava-18.0.jar;C:\Users\Pawel\.m2\repository\com\fasterxml\jackson\core\jackson-databind\2.9.6\jackson-databind-2.9.6.jar;C:\Users\Pawel\.m2\repository\org\springframework\boot\spring-boot-starter-data-jpa\2.0.3.RELEASE\spring-boot-starter-data-jpa-2.0.3.RELEASE.jar;C:\Users\Pawel\.m2\repository\org\springframework\boot\spring-boot-starter-aop\2.0.3.RELEASE\spring-boot-starter-aop-2.0.3.RELEASE.jar;C:\Users\Pawel\.m2\repository\org\aspectj\aspectjweaver\1.8.13\aspectjweaver-1.8.13.jar;C:\Users\Pawel\.m2\repository\org\hibernate\hibernate-core\5.2.17.Final\hibernate-core-5.2.17.Final.jar;C:\Users\Pawel\.m2\repository\org\hibernate\javax\persistence\hibernate-jpa-2.1-api\1.0.2.Final\hibernate-jpa-2.1-api-1.0.2.Final.jar;C:\Users\Pawel\.m2\repository\org\javassist\javassist\3.22.0-GA\javassist-3.22.0-GA.jar;C:\Users\Pawel\.m2\repository\antlr\antlr\2.7.7\antlr-2.7.7.jar;C:\Users\Pawel\.m2\repository\org\jboss\jandex\2.0.3.Final\jandex-2.0.3.Final.jar;C:\Users\Pawel\.m2\repository\dom4j\dom4j\1.6.1\dom4j-1.6.1.jar;C:\Users\Pawel\.m2\repository\org\hibernate\common\hibernate-commons-annotations\5.0.1.Final\hibernate-commons-annotations-5.0.1.Final.jar;C:\Users\Pawel\.m2\repository\javax\transaction\javax.transaction-api\1.2\javax.transaction-api-1.2.jar;C:\Users\Pawel\.m2\repository\org\springframework\data\spring-data-jpa\2.0.8.RELEASE\spring-data-jpa-2.0.8.RELEASE.jar;C:\Users\Pawel\.m2\repository\org\springframework\data\spring-data-commons\2.0.8.RELEASE\spring-data-commons-2.0.8.RELEASE.jar;C:\Users\Pawel\.m2\repository\org\springframework\spring-orm\5.0.7.RELEASE\spring-orm-5.0.7.RELEASE.jar;C:\Users\Pawel\.m2\repository\org\springframework\spring-aspects\5.0.7.RELEASE\spring-aspects-5.0.7.RELEASE.jar;C:\Users\Pawel\.m2\repository\mysql\mysql-connector-java\5.1.6\mysql-connector-java-5.1.6.jar;"/>
    <property name="java.vm.vendor" value="Oracle Corporation"/>
    <property name="sun.arch.data.model" value="64"/>
    <property name="user.variant" value=""/>
    <property name="java.vendor.url" value="http://java.oracle.com/"/>
    <property name="user.timezone" value=""/>
    <property name="java.vm.specification.version" value="1.8"/>
    <property name="os.name" value="Windows 10"/>
    <property name="user.country" value="PL"/>
    <property name="sun.java.launcher" value="SUN_STANDARD"/>
    <property name="sun.boot.library.path" value="C:\Program Files\Java\jdk1.8.0_152\jre\bin"/>
    <property name="sun.java.command" value="C:\Users\Pawel\AppData\Local\Temp\surefire7822584117248398560\surefirebooter8100825854941808849.jar C:\Users\Pawel\AppData\Local\Temp\surefire7822584117248398560 2018-12-05T18-29-01_422-jvmRun1 surefire1285218663675437355tmp surefire_07125010934650170326tmp"/>
    <property name="surefire.test.class.path" value="C:\Users\Pawel\Desktop\Integracja\Maven\users\EurekaClient\target\test-classes;C:\Users\Pawel\Desktop\Integracja\Maven\users\EurekaClient\target\classes;C:\Users\Pawel\.m2\repository\junit\junit\4.11\junit-4.11.jar;C:\Users\Pawel\.m2\repository\org\hamcrest\hamcrest-core\1.3\hamcrest-core-1.3.jar;C:\Users\Pawel\.m2\repository\org\springframework\cloud\spring-cloud-starter-netflix-eureka-client\2.0.2.RELEASE\spring-cloud-starter-netflix-eureka-client-2.0.2.RELEASE.jar;C:\Users\Pawel\.m2\repository\org\springframework\cloud\spring-cloud-starter\2.0.2.RELEASE\spring-cloud-starter-2.0.2.RELEASE.jar;C:\Users\Pawel\.m2\repository\org\springframework\cloud\spring-cloud-context\2.0.2.RELEASE\spring-cloud-context-2.0.2.RELEASE.jar;C:\Users\Pawel\.m2\repository\org\springframework\security\spring-security-crypto\5.0.6.RELEASE\spring-security-crypto-5.0.6.RELEASE.jar;C:\Users\Pawel\.m2\repository\org\springframework\cloud\spring-cloud-commons\2.0.2.RELEASE\spring-cloud-commons-2.0.2.RELEASE.jar;C:\Users\Pawel\.m2\repository\org\springframework\security\spring-security-rsa\1.0.7.RELEASE\spring-security-rsa-1.0.7.RELEASE.jar;C:\Users\Pawel\.m2\repository\org\bouncycastle\bcpkix-jdk15on\1.60\bcpkix-jdk15on-1.60.jar;C:\Users\Pawel\.m2\repository\org\bouncycastle\bcprov-jdk15on\1.60\bcprov-jdk15on-1.60.jar;C:\Users\Pawel\.m2\repository\org\springframework\cloud\spring-cloud-netflix-core\2.0.2.RELEASE\spring-cloud-netflix-core-2.0.2.RELEASE.jar;C:\Users\Pawel\.m2\repository\org\springframework\boot\spring-boot-autoconfigure\2.0.3.RELEASE\spring-boot-autoconfigure-2.0.3.RELEASE.jar;C:\Users\Pawel\.m2\repository\org\springframework\cloud\spring-cloud-netflix-eureka-client\2.0.2.RELEASE\spring-cloud-netflix-eureka-client-2.0.2.RELEASE.jar;C:\Users\Pawel\.m2\repository\com\netflix\eureka\eureka-core\1.9.3\eureka-core-1.9.3.jar;C:\Users\Pawel\.m2\repository\org\codehaus\woodstox\woodstox-core-asl\4.4.1\woodstox-core-asl-4.4.1.jar;C:\Users\Pawel\.m2\repository\javax\xml\stream\stax-api\1.0-2\stax-api-1.0-2.jar;C:\Users\Pawel\.m2\repository\org\codehaus\woodstox\stax2-api\3.1.4\stax2-api-3.1.4.jar;C:\Users\Pawel\.m2\repository\org\springframework\cloud\spring-cloud-starter-netflix-archaius\2.0.2.RELEASE\spring-cloud-starter-netflix-archaius-2.0.2.RELEASE.jar;C:\Users\Pawel\.m2\repository\org\springframework\cloud\spring-cloud-netflix-ribbon\2.0.2.RELEASE\spring-cloud-netflix-ribbon-2.0.2.RELEASE.jar;C:\Users\Pawel\.m2\repository\org\springframework\cloud\spring-cloud-netflix-archaius\2.0.2.RELEASE\spring-cloud-netflix-archaius-2.0.2.RELEASE.jar;C:\Users\Pawel\.m2\repository\commons-configuration\commons-configuration\1.8\commons-configuration-1.8.jar;C:\Users\Pawel\.m2\repository\commons-lang\commons-lang\2.6\commons-lang-2.6.jar;C:\Users\Pawel\.m2\repository\org\springframework\cloud\spring-cloud-starter-netflix-ribbon\2.0.2.RELEASE\spring-cloud-starter-netflix-ribbon-2.0.2.RELEASE.jar;C:\Users\Pawel\.m2\repository\com\netflix\ribbon\ribbon\2.2.5\ribbon-2.2.5.jar;C:\Users\Pawel\.m2\repository\com\netflix\ribbon\ribbon-transport\2.2.5\ribbon-transport-2.2.5.jar;C:\Users\Pawel\.m2\repository\io\reactivex\rxnetty-contexts\0.4.9\rxnetty-contexts-0.4.9.jar;C:\Users\Pawel\.m2\repository\io\reactivex\rxnetty-servo\0.4.9\rxnetty-servo-0.4.9.jar;C:\Users\Pawel\.m2\repository\com\netflix\hystrix\hystrix-core\1.4.3\hystrix-core-1.4.3.jar;C:\Users\Pawel\.m2\repository\io\reactivex\rxnetty\0.4.9\rxnetty-0.4.9.jar;C:\Users\Pawel\.m2\repository\com\netflix\ribbon\ribbon-core\2.2.5\ribbon-core-2.2.5.jar;C:\Users\Pawel\.m2\repository\com\netflix\ribbon\ribbon-httpclient\2.2.5\ribbon-httpclient-2.2.5.jar;C:\Users\Pawel\.m2\repository\commons-collections\commons-collections\3.2.2\commons-collections-3.2.2.jar;C:\Users\Pawel\.m2\repository\com\netflix\netflix-commons\netflix-commons-util\0.1.1\netflix-commons-util-0.1.1.jar;C:\Users\Pawel\.m2\repository\com\netflix\ribbon\ribbon-loadbalancer\2.2.5\ribbon-loadbalancer-2.2.5.jar;C:\Users\Pawel\.m2\repository\com\netflix\netflix-commons\netflix-statistics\0.1.1\netflix-statistics-0.1.1.jar;C:\Users\Pawel\.m2\repository\io\reactivex\rxjava\1.3.8\rxjava-1.3.8.jar;C:\Users\Pawel\.m2\repository\com\netflix\ribbon\ribbon-eureka\2.2.5\ribbon-eureka-2.2.5.jar;C:\Users\Pawel\.m2\repository\org\slf4j\slf4j-api\1.7.25\slf4j-api-1.7.25.jar;C:\Users\Pawel\.m2\repository\com\thoughtworks\xstream\xstream\1.4.10\xstream-1.4.10.jar;C:\Users\Pawel\.m2\repository\xmlpull\xmlpull\1.1.3.1\xmlpull-1.1.3.1.jar;C:\Users\Pawel\.m2\repository\xpp3\xpp3_min\1.1.4c\xpp3_min-1.1.4c.jar;C:\Users\Pawel\.m2\repository\org\springframework\boot\spring-boot-starter-web\2.0.5.RELEASE\spring-boot-starter-web-2.0.5.RELEASE.jar;C:\Users\Pawel\.m2\repository\org\springframework\boot\spring-boot-starter\2.0.3.RELEASE\spring-boot-starter-2.0.3.RELEASE.jar;C:\Users\Pawel\.m2\repository\org\springframework\boot\spring-boot\2.0.3.RELEASE\spring-boot-2.0.3.RELEASE.jar;C:\Users\Pawel\.m2\repository\org\springframework\boot\spring-boot-starter-logging\2.0.3.RELEASE\spring-boot-starter-logging-2.0.3.RELEASE.jar;C:\Users\Pawel\.m2\repository\ch\qos\logback\logback-classic\1.2.3\logback-classic-1.2.3.jar;C:\Users\Pawel\.m2\repository\ch\qos\logback\logback-core\1.2.3\logback-core-1.2.3.jar;C:\Users\Pawel\.m2\repository\org\apache\logging\log4j\log4j-to-slf4j\2.10.0\log4j-to-slf4j-2.10.0.jar;C:\Users\Pawel\.m2\repository\org\apache\logging\log4j\log4j-api\2.10.0\log4j-api-2.10.0.jar;C:\Users\Pawel\.m2\repository\org\slf4j\jul-to-slf4j\1.7.25\jul-to-slf4j-1.7.25.jar;C:\Users\Pawel\.m2\repository\javax\annotation\javax.annotation-api\1.3.2\javax.annotation-api-1.3.2.jar;C:\Users\Pawel\.m2\repository\org\springframework\spring-core\5.0.7.RELEASE\spring-core-5.0.7.RELEASE.jar;C:\Users\Pawel\.m2\repository\org\springframework\spring-jcl\5.0.7.RELEASE\spring-jcl-5.0.7.RELEASE.jar;C:\Users\Pawel\.m2\repository\org\yaml\snakeyaml\1.19\snakeyaml-1.19.jar;C:\Users\Pawel\.m2\repository\org\springframework\boot\spring-boot-starter-json\2.0.3.RELEASE\spring-boot-starter-json-2.0.3.RELEASE.jar;C:\Users\Pawel\.m2\repository\com\fasterxml\jackson\datatype\jackson-datatype-jdk8\2.9.6\jackson-datatype-jdk8-2.9.6.jar;C:\Users\Pawel\.m2\repository\com\fasterxml\jackson\datatype\jackson-datatype-jsr310\2.9.6\jackson-datatype-jsr310-2.9.6.jar;C:\Users\Pawel\.m2\repository\com\fasterxml\jackson\module\jackson-module-parameter-names\2.9.6\jackson-module-parameter-names-2.9.6.jar;C:\Users\Pawel\.m2\repository\org\springframework\boot\spring-boot-starter-tomcat\2.0.3.RELEASE\spring-boot-starter-tomcat-2.0.3.RELEASE.jar;C:\Users\Pawel\.m2\repository\org\apache\tomcat\embed\tomcat-embed-core\8.5.31\tomcat-embed-core-8.5.31.jar;C:\Users\Pawel\.m2\repository\org\apache\tomcat\embed\tomcat-embed-el\8.5.31\tomcat-embed-el-8.5.31.jar;C:\Users\Pawel\.m2\repository\org\apache\tomcat\embed\tomcat-embed-websocket\8.5.31\tomcat-embed-websocket-8.5.31.jar;C:\Users\Pawel\.m2\repository\org\hibernate\validator\hibernate-validator\6.0.10.Final\hibernate-validator-6.0.10.Final.jar;C:\Users\Pawel\.m2\repository\javax\validation\validation-api\2.0.1.Final\validation-api-2.0.1.Final.jar;C:\Users\Pawel\.m2\repository\org\jboss\logging\jboss-logging\3.3.2.Final\jboss-logging-3.3.2.Final.jar;C:\Users\Pawel\.m2\repository\com\fasterxml\classmate\1.3.4\classmate-1.3.4.jar;C:\Users\Pawel\.m2\repository\org\springframework\spring-web\5.0.7.RELEASE\spring-web-5.0.7.RELEASE.jar;C:\Users\Pawel\.m2\repository\org\springframework\spring-beans\5.0.7.RELEASE\spring-beans-5.0.7.RELEASE.jar;C:\Users\Pawel\.m2\repository\org\springframework\spring-webmvc\5.0.7.RELEASE\spring-webmvc-5.0.7.RELEASE.jar;C:\Users\Pawel\.m2\repository\org\springframework\spring-aop\5.0.7.RELEASE\spring-aop-5.0.7.RELEASE.jar;C:\Users\Pawel\.m2\repository\org\springframework\spring-context\5.0.7.RELEASE\spring-context-5.0.7.RELEASE.jar;C:\Users\Pawel\.m2\repository\org\springframework\spring-expression\5.0.7.RELEASE\spring-expression-5.0.7.RELEASE.jar;C:\Users\Pawel\.m2\repository\org\springframework\boot\spring-boot-starter-jdbc\2.0.3.RELEASE\spring-boot-starter-jdbc-2.0.3.RELEASE.jar;C:\Users\Pawel\.m2\repository\com\zaxxer\HikariCP\2.7.9\HikariCP-2.7.9.jar;C:\Users\Pawel\.m2\repository\org\springframework\spring-jdbc\5.0.7.RELEASE\spring-jdbc-5.0.7.RELEASE.jar;C:\Users\Pawel\.m2\repository\org\springframework\spring-tx\5.0.7.RELEASE\spring-tx-5.0.7.RELEASE.jar;C:\Users\Pawel\.m2\repository\com\netflix\eureka\eureka-client\1.9.8\eureka-client-1.9.8.jar;C:\Users\Pawel\.m2\repository\org\codehaus\jettison\jettison\1.3.7\jettison-1.3.7.jar;C:\Users\Pawel\.m2\repository\stax\stax-api\1.0.1\stax-api-1.0.1.jar;C:\Users\Pawel\.m2\repository\com\netflix\netflix-commons\netflix-eventbus\0.3.0\netflix-eventbus-0.3.0.jar;C:\Users\Pawel\.m2\repository\com\netflix\netflix-commons\netflix-infix\0.3.0\netflix-infix-0.3.0.jar;C:\Users\Pawel\.m2\repository\commons-jxpath\commons-jxpath\1.3\commons-jxpath-1.3.jar;C:\Users\Pawel\.m2\repository\joda-time\joda-time\2.9.9\joda-time-2.9.9.jar;C:\Users\Pawel\.m2\repository\javax\servlet\servlet-api\2.5\servlet-api-2.5.jar;C:\Users\Pawel\.m2\repository\org\antlr\antlr-runtime\3.4\antlr-runtime-3.4.jar;C:\Users\Pawel\.m2\repository\org\antlr\stringtemplate\3.2.1\stringtemplate-3.2.1.jar;C:\Users\Pawel\.m2\repository\com\google\code\gson\gson\2.8.5\gson-2.8.5.jar;C:\Users\Pawel\.m2\repository\org\apache\commons\commons-math\2.2\commons-math-2.2.jar;C:\Users\Pawel\.m2\repository\com\netflix\archaius\archaius-core\0.7.6\archaius-core-0.7.6.jar;C:\Users\Pawel\.m2\repository\com\google\code\findbugs\jsr305\3.0.1\jsr305-3.0.1.jar;C:\Users\Pawel\.m2\repository\javax\ws\rs\jsr311-api\1.1.1\jsr311-api-1.1.1.jar;C:\Users\Pawel\.m2\repository\com\netflix\servo\servo-core\0.12.21\servo-core-0.12.21.jar;C:\Users\Pawel\.m2\repository\com\sun\jersey\jersey-core\1.19.1\jersey-core-1.19.1.jar;C:\Users\Pawel\.m2\repository\com\sun\jersey\jersey-client\1.19.1\jersey-client-1.19.1.jar;C:\Users\Pawel\.m2\repository\com\sun\jersey\contribs\jersey-apache-client4\1.19.1\jersey-apache-client4-1.19.1.jar;C:\Users\Pawel\.m2\repository\org\apache\httpcomponents\httpclient\4.5.5\httpclient-4.5.5.jar;C:\Users\Pawel\.m2\repository\org\apache\httpcomponents\httpcore\4.4.9\httpcore-4.4.9.jar;C:\Users\Pawel\.m2\repository\commons-codec\commons-codec\1.11\commons-codec-1.11.jar;C:\Users\Pawel\.m2\repository\com\google\inject\guice\4.1.0\guice-4.1.0.jar;C:\Users\Pawel\.m2\repository\javax\inject\javax.inject\1\javax.inject-1.jar;C:\Users\Pawel\.m2\repository\aopalliance\aopalliance\1.0\aopalliance-1.0.jar;C:\Users\Pawel\.m2\repository\com\github\vlsi\compactmap\compactmap\1.2.1\compactmap-1.2.1.jar;C:\Users\Pawel\.m2\repository\com\github\andrewoma\dexx\dexx-collections\0.2\dexx-collections-0.2.jar;C:\Users\Pawel\.m2\repository\com\fasterxml\jackson\core\jackson-annotations\2.9.0\jackson-annotations-2.9.0.jar;C:\Users\Pawel\.m2\repository\com\fasterxml\jackson\core\jackson-core\2.9.6\jackson-core-2.9.6.jar;C:\Users\Pawel\.m2\repository\org\springframework\boot\spring-boot-starter-activemq\2.0.3.RELEASE\spring-boot-starter-activemq-2.0.3.RELEASE.jar;C:\Users\Pawel\.m2\repository\org\springframework\spring-jms\5.0.7.RELEASE\spring-jms-5.0.7.RELEASE.jar;C:\Users\Pawel\.m2\repository\org\springframework\spring-messaging\5.0.7.RELEASE\spring-messaging-5.0.7.RELEASE.jar;C:\Users\Pawel\.m2\repository\javax\jms\javax.jms-api\2.0.1\javax.jms-api-2.0.1.jar;C:\Users\Pawel\.m2\repository\org\apache\activemq\activemq-broker\5.15.4\activemq-broker-5.15.4.jar;C:\Users\Pawel\.m2\repository\org\apache\activemq\activemq-client\5.15.4\activemq-client-5.15.4.jar;C:\Users\Pawel\.m2\repository\org\apache\geronimo\specs\geronimo-jms_1.1_spec\1.1.1\geronimo-jms_1.1_spec-1.1.1.jar;C:\Users\Pawel\.m2\repository\org\fusesource\hawtbuf\hawtbuf\1.11\hawtbuf-1.11.jar;C:\Users\Pawel\.m2\repository\org\apache\geronimo\specs\geronimo-j2ee-management_1.1_spec\1.0.1\geronimo-j2ee-management_1.1_spec-1.0.1.jar;C:\Users\Pawel\.m2\repository\org\apache\activemq\activemq-openwire-legacy\5.15.4\activemq-openwire-legacy-5.15.4.jar;C:\Users\Pawel\.m2\repository\com\google\guava\guava\18.0\guava-18.0.jar;C:\Users\Pawel\.m2\repository\com\fasterxml\jackson\core\jackson-databind\2.9.6\jackson-databind-2.9.6.jar;C:\Users\Pawel\.m2\repository\org\springframework\boot\spring-boot-starter-data-jpa\2.0.3.RELEASE\spring-boot-starter-data-jpa-2.0.3.RELEASE.jar;C:\Users\Pawel\.m2\repository\org\springframework\boot\spring-boot-starter-aop\2.0.3.RELEASE\spring-boot-starter-aop-2.0.3.RELEASE.jar;C:\Users\Pawel\.m2\repository\org\aspectj\aspectjweaver\1.8.13\aspectjweaver-1.8.13.jar;C:\Users\Pawel\.m2\repository\org\hibernate\hibernate-core\5.2.17.Final\hibernate-core-5.2.17.Final.jar;C:\Users\Pawel\.m2\repository\org\hibernate\javax\persistence\hibernate-jpa-2.1-api\1.0.2.Final\hibernate-jpa-2.1-api-1.0.2.Final.jar;C:\Users\Pawel\.m2\repository\org\javassist\javassist\3.22.0-GA\javassist-3.22.0-GA.jar;C:\Users\Pawel\.m2\repository\antlr\antlr\2.7.7\antlr-2.7.7.jar;C:\Users\Pawel\.m2\repository\org\jboss\jandex\2.0.3.Final\jandex-2.0.3.Final.jar;C:\Users\Pawel\.m2\repository\dom4j\dom4j\1.6.1\dom4j-1.6.1.jar;C:\Users\Pawel\.m2\repository\org\hibernate\common\hibernate-commons-annotations\5.0.1.Final\hibernate-commons-annotations-5.0.1.Final.jar;C:\Users\Pawel\.m2\repository\javax\transaction\javax.transaction-api\1.2\javax.transaction-api-1.2.jar;C:\Users\Pawel\.m2\repository\org\springframework\data\spring-data-jpa\2.0.8.RELEASE\spring-data-jpa-2.0.8.RELEASE.jar;C:\Users\Pawel\.m2\repository\org\springframework\data\spring-data-commons\2.0.8.RELEASE\spring-data-commons-2.0.8.RELEASE.jar;C:\Users\Pawel\.m2\repository\org\springframework\spring-orm\5.0.7.RELEASE\spring-orm-5.0.7.RELEASE.jar;C:\Users\Pawel\.m2\repository\org\springframework\spring-aspects\5.0.7.RELEASE\spring-aspects-5.0.7.RELEASE.jar;C:\Users\Pawel\.m2\repository\mysql\mysql-connector-java\5.1.6\mysql-connector-java-5.1.6.jar;"/>
    <property name="sun.cpu.endian" value="little"/>
    <property name="user.home" value="C:\Users\Pawel"/>
    <property name="user.language" value="pl"/>
    <property name="java.specification.vendor" value="Oracle Corporation"/>
    <property name="java.home" value="C:\Program Files\Java\jdk1.8.0_152\jre"/>
    <property name="basedir" value="C:\Users\Pawel\Desktop\Integracja\Maven\users\EurekaClient"/>
    <property name="file.separator" value="\"/>
    <property name="line.separator" value="&#10;"/>
    <property name="java.vm.specification.vendor" value="Oracle Corporation"/>
    <property name="java.specification.name" value="Java Platform API Specification"/>
    <property name="java.awt.graphicsenv" value="sun.awt.Win32GraphicsEnvironment"/>
    <property name="surefire.real.class.path" value="C:\Users\Pawel\AppData\Local\Temp\surefire7822584117248398560\surefirebooter8100825854941808849.jar"/>
    <property name="sun.boot.class.path" value="C:\Program Files\Java\jdk1.8.0_152\jre\lib\resources.jar;C:\Program Files\Java\jdk1.8.0_152\jre\lib\rt.jar;C:\Program Files\Java\jdk1.8.0_152\jre\lib\sunrsasign.jar;C:\Program Files\Java\jdk1.8.0_152\jre\lib\jsse.jar;C:\Program Files\Java\jdk1.8.0_152\jre\lib\jce.jar;C:\Program Files\Java\jdk1.8.0_152\jre\lib\charsets.jar;C:\Program Files\Java\jdk1.8.0_152\jre\lib\jfr.jar;C:\Program Files\Java\jdk1.8.0_152\jre\classes"/>
    <property name="user.script" value=""/>
    <property name="sun.management.compiler" value="HotSpot 64-Bit Tiered Compilers"/>
    <property name="java.runtime.version" value="1.8.0_152-b16"/>
    <property name="user.name" value="Pawel"/>
    <property name="path.separator" value=";"/>
    <property name="os.version" value="10.0"/>
    <property name="java.endorsed.dirs" value="C:\Program Files\Java\jdk1.8.0_152\jre\lib\endorsed"/>
    <property name="java.runtime.name" value="Java(TM) SE Runtime Environment"/>
    <property name="file.encoding" value="Cp1250"/>
    <property name="java.vm.name" value="Java HotSpot(TM) 64-Bit Server VM"/>
    <property name="localRepository" value="C:\Users\Pawel\.m2\repository"/>
    <property name="java.vendor.url.bug" value="http://bugreport.sun.com/bugreport/"/>
    <property name="java.io.tmpdir" value="C:\Users\Pawel\AppData\Local\Temp\"/>
    <property name="java.version" value="1.8.0_152"/>
    <property name="user.dir" value="C:\Users\Pawel\Desktop\Integracja\Maven\users\EurekaClient"/>
    <property name="os.arch" value="amd64"/>
    <property name="java.vm.specification.name" value="Java Virtual Machine Specification"/>
    <property name="java.awt.printerjob" value="sun.awt.windows.WPrinterJob"/>
    <property name="sun.os.patch.level" value=""/>
    <property name="java.library.path" value="C:\Program Files\Java\jdk1.8.0_152\jre\bin;C:\Windows\Sun\Java\bin;C:\Windows\system32;C:\Windows;C:\Windows\System32;C:\ProgramData\Oracle\Java\javapath;C:\Program Files\dotnet\;C:\Program Files\Microsoft SQL Server\130\Tools\Binn\;C:\Program Files (x86)\Windows Live\Shared;C:\Windows\System32);C:\Program Files\Java\jdk1.8.0_152\bin;C:\Maven\apache-maven-3.6.0\bin;C:\Users\Pawel\AppData\Local\Programs\Python\Python37\Scripts\;C:\Users\Pawel\AppData\Local\Programs\Python\Python37\;C:\Users\Pawel\AppData\Local\Programs\Python\Python37-32\Scripts\;C:\Users\Pawel\AppData\Local\Programs\Python\Python37-32\;C:\Users\Pawel\AppData\Local\Programs\Python\Python36-32\Scripts\;C:\Users\Pawel\AppData\Local\Programs\Python\Python36-32\;C:\Users\Pawel\AppData\Local\Microsoft\WindowsApps;C:\Windows\System32;;."/>
    <property name="java.vm.info" value="mixed mode"/>
    <property name="java.vendor" value="Oracle Corporation"/>
    <property name="java.vm.version" value="25.152-b16"/>
    <property name="java.ext.dirs" value="C:\Program Files\Java\jdk1.8.0_152\jre\lib\ext;C:\Windows\Sun\Java\lib\ext"/>
    <property name="sun.io.unicode.encoding" value="UnicodeLittle"/>
    <property name="java.class.version" value="52.0"/>
  </properties>
  <testcase name="shouldAnswerWithTrue" classname="pl.umcs.AppTest" time="0.002"/>
</testsuite>